[17456] 2024/10/30 09:03:49 - [CLT] -  
[17456] 2024/10/30 09:03:49 - [CLT] - Anti-Cheat starting ...
[17456] 2024/10/30 09:03:49 - [CLT] - Version: 2.7
[17456] 2024/10/30 09:03:50 - [CLT] - Windows: 10 (x64)
[17456] 2024/10/30 09:03:50 - [CLT] - ADM Status OK
[17456] 2024/10/30 09:03:50 - [CLT] - DEP Status OK
[17456] 2024/10/30 09:03:50 - [CLT] - WDF Status OK
[17456] 2024/10/30 09:03:50 - [CLT] -  
[17456] 2024/10/30 09:03:50 - [CLT] - [ Advanced Protection System ]
[17456] 2024/10/30 09:03:50 - [CLT] -  
[17456] 2024/10/30 09:03:50 - [CLT] - Integrity OK
[17456] 2024/10/30 09:04:12 - [CLT] - Game data OK
[17456] 2024/10/30 09:04:12 - [CLT] - License checking OK
[17456] 2024/10/30 09:04:12 - [CLT] - Kernel protection OK
[17456] 2024/10/30 09:04:12 - [CLT] - Thread protection OK
[17456] 2024/10/30 09:04:12 - [CLT] - Tray icon OK
[17456] 2024/10/30 09:04:12 - [CLT] -  
[17456] 2024/10/30 09:04:12 - [CLT] - [ Client Game Monitoring ]
[17456] 2024/10/30 09:04:12 - [CLT] -  
[17456] 2024/10/30 09:04:12 - [CLT] - Running ...
